# JRE version: Java(TM) SE Runtime Environment (17.0.7+8) (build 17.0.7+8-LTS-224)
# Java VM: Java HotSpot(TM) 64-Bit Server VM (17.0.7+8-LTS-224, mixed mode, sharing, tiered, compressed oops, compressed class ptrs, g1 gc, windows-amd64)
GC Precious Log:
 CPUs: 8 total, 8 available
 Memory: 12162M
 Large Page Support: Disabled
 NUMA Support: Disabled
 Compressed Oops: Enabled (Zero based)
 Heap Region Size: 2M
 Heap Min Capacity: 8M
 Heap Initial Capacity: 192M
 Heap Max Capacity: 3042M
 Pre-touch: Disabled
 Parallel Workers: 8
 Concurrent Workers: 2
 Concurrent Refinement Workers: 8
 Periodic GC: Disabled
Heap:
 garbage-first heap   total 73728K, used 51085K [0x0000000741e00000, 0x0000000800000000)
  region size 2048K, 10 young (20480K), 1 survivors (2048K)
 Metaspace       used 82857K, committed 83456K, reserved 1122304K
  class space    used 10847K, committed 11136K, reserved 1048576K
GC Heap History (20 events):
Event: 2446.657 GC heap before
{Heap before GC invocations=32 (full 0):
 garbage-first heap   total 73728K, used 61226K [0x0000000741e00000, 0x0000000800000000)
  region size 2048K, 14 young (28672K), 1 survivors (2048K)
 Metaspace       used 82848K, committed 83456K, reserved 1122304K
  class space    used 10844K, committed 11136K, reserved 1048576K
}
Event: 2446.661 GC heap after
{Heap after GC invocations=33 (full 0):
 garbage-first heap   total 73728K, used 34618K [0x0000000741e00000, 0x0000000800000000)
  region size 2048K, 1 young (2048K), 1 survivors (2048K)
 Metaspace       used 82848K, committed 83456K, reserved 1122304K
  class space    used 10844K, committed 11136K, reserved 1048576K
}
Event: 2450.421 GC heap before
{Heap before GC invocations=33 (full 0):
 garbage-first heap   total 73728K, used 61242K [0x0000000741e00000, 0x0000000800000000)
  region size 2048K, 14 young (28672K), 1 survivors (2048K)
 Metaspace       used 82850K, committed 83456K, reserved 1122304K
  class space    used 10845K, committed 11136K, reserved 1048576K
}
Event: 2450.425 GC heap after
{Heap after GC invocations=34 (full 0):
 garbage-first heap   total 73728K, used 34610K [0x0000000741e00000, 0x0000000800000000)
  region size 2048K, 1 young (2048K), 1 survivors (2048K)
 Metaspace       used 82850K, committed 83456K, reserved 1122304K
  class space    used 10845K, committed 11136K, reserved 1048576K
}
Event: 2454.568 GC heap before
{Heap before GC invocations=35 (full 0):
 garbage-first heap   total 73728K, used 61234K [0x0000000741e00000, 0x0000000800000000)
  region size 2048K, 14 young (28672K), 1 survivors (2048K)
 Metaspace       used 82851K, committed 83456K, reserved 1122304K
  class space    used 10845K, committed 11136K, reserved 1048576K
}
Event: 2454.572 GC heap after
{Heap after GC invocations=36 (full 0):
 garbage-first heap   total 73728K, used 34617K [0x0000000741e00000, 0x0000000800000000)
  region size 2048K, 1 young (2048K), 1 survivors (2048K)
 Metaspace       used 82851K, committed 83456K, reserved 1122304K
  class space    used 10845K, committed 11136K, reserved 1048576K
}
Event: 2459.050 GC heap before
{Heap before GC invocations=36 (full 0):
 garbage-first heap   total 73728K, used 61241K [0x0000000741e00000, 0x0000000800000000)
  region size 2048K, 14 young (28672K), 1 survivors (2048K)
 Metaspace       used 82852K, committed 83456K, reserved 1122304K
  class space    used 10845K, committed 11136K, reserved 1048576K
}
Event: 2459.054 GC heap after
{Heap after GC invocations=37 (full 0):
 garbage-first heap   total 73728K, used 34626K [0x0000000741e00000, 0x0000000800000000)
  region size 2048K, 1 young (2048K), 1 survivors (2048K)
 Metaspace       used 82852K, committed 83456K, reserved 1122304K
  class space    used 10845K, committed 11136K, reserved 1048576K
}
Event: 2463.185 GC heap before
{Heap before GC invocations=38 (full 0):
 garbage-first heap   total 73728K, used 61250K [0x0000000741e00000, 0x0000000800000000)
  region size 2048K, 14 young (28672K), 1 survivors (2048K)
 Metaspace       used 82853K, committed 83456K, reserved 1122304K
  class space    used 10845K, committed 11136K, reserved 1048576K
}
Event: 2463.189 GC heap after
{Heap after GC invocations=39 (full 0):
 garbage-first heap   total 73728K, used 34642K [0x0000000741e00000, 0x0000000800000000)
  region size 2048K, 1 young (2048K), 1 survivors (2048K)
 Metaspace       used 82853K, committed 83456K, reserved 1122304K
  class space    used 10845K, committed 11136K, reserved 1048576K
}
Event: 2466.429 GC heap before
{Heap before GC invocations=39 (full 0):
 garbage-first heap   total 73728K, used 61266K [0x0000000741e00000, 0x0000000800000000)
  region size 2048K, 14 young (28672K), 1 survivors (2048K)
 Metaspace       used 82853K, committed 83456K, reserved 1122304K
  class space    used 10845K, committed 11136K, reserved 1048576K
}
Event: 2466.433 GC heap after
{Heap after GC invocations=40 (full 0):
 garbage-first heap   total 73728K, used 34656K [0x0000000741e00000, 0x0000000800000000)
  region size 2048K, 1 young (2048K), 1 survivors (2048K)
 Metaspace       used 82853K, committed 83456K, reserved 1122304K
  class space    used 10845K, committed 11136K, reserved 1048576K
}
Event: 2470.117 GC heap before
{Heap before GC invocations=41 (full 0):
 garbage-first heap   total 73728K, used 61280K [0x0000000741e00000, 0x0000000800000000)
  region size 2048K, 14 young (28672K), 1 survivors (2048K)
 Metaspace       used 82853K, committed 83456K, reserved 1122304K
  class space    used 10845K, committed 11136K, reserved 1048576K
}
Event: 2470.120 GC heap after
{Heap after GC invocations=42 (full 0):
 garbage-first heap   total 73728K, used 34682K [0x0000000741e00000, 0x0000000800000000)
  region size 2048K, 1 young (2048K), 1 survivors (2048K)
 Metaspace       used 82853K, committed 83456K, reserved 1122304K
  class space    used 10845K, committed 11136K, reserved 1048576K
}
Event: 2473.796 GC heap before
{Heap before GC invocations=42 (full 0):
 garbage-first heap   total 73728K, used 61306K [0x0000000741e00000, 0x0000000800000000)
  region size 2048K, 14 young (28672K), 1 survivors (2048K)
 Metaspace       used 82853K, committed 83456K, reserved 1122304K
  class space    used 10845K, committed 11136K, reserved 1048576K
}
Event: 2473.798 GC heap after
{Heap after GC invocations=43 (full 0):
 garbage-first heap   total 73728K, used 34663K [0x0000000741e00000, 0x0000000800000000)
  region size 2048K, 1 young (2048K), 1 survivors (2048K)
 Metaspace       used 82853K, committed 83456K, reserved 1122304K
  class space    used 10845K, committed 11136K, reserved 1048576K
}
Event: 2477.595 GC heap before
{Heap before GC invocations=44 (full 0):
 garbage-first heap   total 73728K, used 61287K [0x0000000741e00000, 0x0000000800000000)
  region size 2048K, 14 young (28672K), 1 survivors (2048K)
 Metaspace       used 82853K, committed 83456K, reserved 1122304K
  class space    used 10845K, committed 11136K, reserved 1048576K
}
Event: 2477.597 GC heap after
{Heap after GC invocations=45 (full 0):
 garbage-first heap   total 73728K, used 34671K [0x0000000741e00000, 0x0000000800000000)
  region size 2048K, 1 young (2048K), 1 survivors (2048K)
 Metaspace       used 82853K, committed 83456K, reserved 1122304K
  class space    used 10845K, committed 11136K, reserved 1048576K
}
Event: 2480.942 GC heap before
{Heap before GC invocations=45 (full 0):
 garbage-first heap   total 73728K, used 61295K [0x0000000741e00000, 0x0000000800000000)
  region size 2048K, 14 young (28672K), 1 survivors (2048K)
 Metaspace       used 82857K, committed 83456K, reserved 1122304K
  class space    used 10847K, committed 11136K, reserved 1048576K
}
Event: 2480.944 GC heap after
{Heap after GC invocations=46 (full 0):
 garbage-first heap   total 73728K, used 34701K [0x0000000741e00000, 0x0000000800000000)
  region size 2048K, 1 young (2048K), 1 survivors (2048K)
 Metaspace       used 82857K, committed 83456K, reserved 1122304K
  class space    used 10847K, committed 11136K, reserved 1048576K
}

